<?xml version="1.0" encoding="UTF-8"?>
<testng-results ignored="0" total="4" passed="4" failed="0" skipped="0">
  <reporter-output>
  </reporter-output>
  <suite started-at="2022-06-13T14:57:35 IST" name="Surefire suite" finished-at="2022-06-13T14:58:41 IST" duration-ms="65812">
    <groups>
      <group name="cucumber">
        <method signature="AbstractTestNGCucumberTests.runScenario(io.cucumber.testng.PickleWrapper,io.cucumber.testng.FeatureWrapper)[pri:0, instance:com.accolite.Practise.AppTest@61386958]" name="runScenario" class="io.cucumber.testng.AbstractTestNGCucumberTests"/>
      </group> <!-- cucumber -->
    </groups>
    <test started-at="2022-06-13T14:57:35 IST" name="Surefire test" finished-at="2022-06-13T14:58:41 IST" duration-ms="65812">
      <class name="com.accolite.Practise.AppTest">
        <test-method is-config="true" signature="overAll()[pri:0, instance:com.accolite.Practise.AppTest@61386958]" started-at="2022-06-13T14:57:35 IST" name="overAll" finished-at="2022-06-13T14:57:35 IST" duration-ms="7" status="PASS">
          <reporter-output>
          </reporter-output>
        </test-method> <!-- overAll -->
        <test-method is-config="true" signature="setUpClass(org.testng.ITestContext)[pri:0, instance:com.accolite.Practise.AppTest@61386958]" started-at="2022-06-13T14:57:35 IST" name="setUpClass" finished-at="2022-06-13T14:57:35 IST" duration-ms="235" status="PASS">
          <params>
            <param index="0">
              <value>
                <![CDATA[org.testng.TestRunner@411c6d44]]>
              </value>
            </param>
          </params>
          <reporter-output>
          </reporter-output>
        </test-method> <!-- setUpClass -->
        <test-method signature="runScenario(io.cucumber.testng.PickleWrapper,io.cucumber.testng.FeatureWrapper)[pri:0, instance:com.accolite.Practise.AppTest@61386958]" started-at="2022-06-13T14:57:35 IST" name="runScenario" description="Runs Cucumber Scenarios" data-provider="scenarios" finished-at="2022-06-13T14:57:42 IST" duration-ms="7125" status="PASS">
          <params>
            <param index="0">
              <value>
                <![CDATA["Login to amazon"]]>
              </value>
            </param>
            <param index="1">
              <value>
                <![CDATA["Login to Amazon website"]]>
              </value>
            </param>
          </params>
          <reporter-output>
          </reporter-output>
        </test-method> <!-- runScenario -->
        <test-method signature="runScenario(io.cucumber.testng.PickleWrapper,io.cucumber.testng.FeatureWrapper)[pri:0, instance:com.accolite.Practise.AppTest@61386958]" started-at="2022-06-13T14:57:42 IST" name="runScenario" description="Runs Cucumber Scenarios" data-provider="scenarios" finished-at="2022-06-13T14:58:09 IST" duration-ms="27212" status="PASS">
          <params>
            <param index="0">
              <value>
                <![CDATA["Login to amazon"]]>
              </value>
            </param>
            <param index="1">
              <value>
                <![CDATA["Login to Amazon website"]]>
              </value>
            </param>
          </params>
          <reporter-output>
          </reporter-output>
        </test-method> <!-- runScenario -->
        <test-method signature="runScenario(io.cucumber.testng.PickleWrapper,io.cucumber.testng.FeatureWrapper)[pri:0, instance:com.accolite.Practise.AppTest@61386958]" started-at="2022-06-13T14:58:09 IST" name="runScenario" description="Runs Cucumber Scenarios" data-provider="scenarios" finished-at="2022-06-13T14:58:28 IST" duration-ms="18540" status="PASS">
          <params>
            <param index="0">
              <value>
                <![CDATA["Login to amazon"]]>
              </value>
            </param>
            <param index="1">
              <value>
                <![CDATA["Launch Flipkart app"]]>
              </value>
            </param>
          </params>
          <reporter-output>
          </reporter-output>
        </test-method> <!-- runScenario -->
        <test-method signature="runScenario(io.cucumber.testng.PickleWrapper,io.cucumber.testng.FeatureWrapper)[pri:0, instance:com.accolite.Practise.AppTest@61386958]" started-at="2022-06-13T14:58:28 IST" name="runScenario" description="Runs Cucumber Scenarios" data-provider="scenarios" finished-at="2022-06-13T14:58:41 IST" duration-ms="12652" status="PASS">
          <params>
            <param index="0">
              <value>
                <![CDATA["Login to amazon"]]>
              </value>
            </param>
            <param index="1">
              <value>
                <![CDATA["Launch Flipkart app"]]>
              </value>
            </param>
          </params>
          <reporter-output>
          </reporter-output>
        </test-method> <!-- runScenario -->
        <test-method is-config="true" signature="tearDownClass()[pri:0, instance:com.accolite.Practise.AppTest@61386958]" started-at="2022-06-13T14:58:41 IST" name="tearDownClass" finished-at="2022-06-13T14:58:41 IST" duration-ms="15" status="PASS">
          <reporter-output>
          </reporter-output>
        </test-method> <!-- tearDownClass -->
      </class> <!-- com.accolite.Practise.AppTest -->
    </test> <!-- Surefire test -->
  </suite> <!-- Surefire suite -->
</testng-results>
